2019-05-03 12:40:29 [scrapy] DEBUG: Crawled (404) <GET https://www.biduo.cc/robots.txt> (referer: None)
2019-05-03 12:40:29 [scrapy] DEBUG: Crawled (200) <GET https://www.biduo.cc/> (referer: None)
2019-05-03 12:40:29 [scrapy] DEBUG: Scraped from <200 https://www.biduo.cc/>
{'home_list': [{'author': '乱世狂刀',
 'description': '事情是这样的，2017年夏天，在太阳系之外，位于紫薇星域的几大超级武道宗门，要修筑一座史无前例的大型传送阵法，以方便他们对于银河系南部星域的开发，而这座阵法的仙力脉冲正好要经过地球，所以，地球要被强拆了。\r'
                '而地球人对此，一无所知。',
 'image_url': 'https://www.biduo.cc/files/article/image/41/41060/41060s.jpg',
 'link': 'https://www.biduo.cc/biquge/41_41060/',
 'name': '圣武星辰'}, {'author': '逆苍天',
 'description': '太古时代，有擎天巨灵，身如星辰，翱翔宙宇。有身怀异血的各族大尊，破灭虚空，再造天地，有古炼气士，远渡星河，教化众生。不知因何原因，一个时代悄然终结，万域隔绝，太古巨擎一一销声匿迹。时隔多年，少年聂天，通过一滴鲜血，重回太古。\n',
 'image_url': 'https://www.biduo.cc/files/article/image/17/17277/17277s.jpg',
 'link': 'https://www.biduo.cc/biquge/17_17277/',
 'name': '万域之王'}, {'author': '净无痕',
 'description': '\u3000\u3000'
                '东方神州，有人皇立道统，有圣贤宗门传道，有诸侯雄踞一方王国，诸强林立，神州动乱千万载，执此之时，一代天骄叶青帝及东凰大帝横空出世，斩人皇，驭圣贤，诸侯臣服，东方神州一统！\u3000\u3000'
                '然，叶青帝忽然暴毙，世间雕像尽皆被毁，于世间除名，沦为禁忌；从此神州唯东凰大帝独尊！\u3000\u3000'
                '十五年后，东海青州城，一名为叶伏天的少年，开启了他的传奇之路…',
 'image_url': 'https://www.biduo.cc/files/article/image/16/16705/16705s.jpg',
 'link': 'https://www.biduo.cc/biquge/16_16705/',
 'name': '伏天氏'}, {'author': '乱世狂刀',
 'description': '大千世界，界域三千，太古开端之后，万族争雄，代代天骄惊艳万古，神魔两族失其鹿，诸天生灵共逐之！人族少年名青羽，自雪国出世，武镇万界，威御神魔！———乱世狂刀，热血新作！',
 'image_url': 'https://www.biduo.cc/files/article/image/0/1/1s.jpg',
 'link': 'https://www.biduo.cc/biquge/0_1/',
 'name': '御天神帝'}], 'classification_list': [{'recommend_first': {'description': '    【NEXTIDEA暨2015星创奖征文大赏（玄幻）】\n'
                                    '    '
                                    '八百年前，明帝之子张若尘，被他的未婚妻池瑶公主杀死，一代无上天骄，就此陨落。\n'
                                    '    '
                                    '八百年后，张若尘重新活了过来，却发现曾经杀死他的未婚妻，已经统一昆仑界，开辟出第一中央帝国，号称“池瑶女皇”。\n'
                                    '    池瑶女皇——统御天下，威临八方；青春永驻，不死不灭。\n'
                                    '    张若尘站在诸皇祠堂外，望着池瑶女皇的神像，心中\n',
                     'image_url': 'https://www.biduo.cc/files/article/image/6/6465/6465s.jpg',
                     'link': 'https://www.biduo.cc/biquge/6_6465/',
                     'name': '万古神帝'},
 'recommend_list': [{'author': '烽火戏诸侯',
 'link': 'https://www.biduo.cc/biquge/40_40692/',
 'name': '剑来'},
                    {'author': '横扫天涯',
 'link': 'https://www.biduo.cc/biquge/35_35929/',
 'name': '天道图书馆'},
                    {'author': '辰东', 'link': 'https://www.biduo.cc/biquge/35_35532/', 'name': '圣墟'},
                    {'author': '爱潜水的乌贼',
 'link': 'https://www.biduo.cc/biquge/34_34466/',
 'name': '武道宗师'},
                    {'author': '唐家三少',
 'link': 'https://www.biduo.cc/biquge/6_6901/',
 'name': '龙王传说'},
                    {'author': '半步沧桑',
 'link': 'https://www.biduo.cc/biquge/5_5367/',
 'name': '至尊剑皇'},
                    {'author': '方想', 'link': 'https://www.biduo.cc/biquge/4_4409/', 'name': '五行天'},
                    {'author': '厌笔萧生', 'link': 'https://www.biduo.cc/biquge/3_3307/', 'name': '帝霸'},
                    {'author': '莫默', 'link': 'https://www.biduo.cc/biquge/1_1930/', 'name': '武炼巅峰'},
                    {'author': '蚕茧里的牛',
 'link': 'https://www.biduo.cc/biquge/1_1748/',
 'name': '真武世界'},
                    {'author': '朱郎才尽',
 'link': 'https://www.biduo.cc/biquge/1_1412/',
 'name': '寒门崛起'},
                    {'author': '乱', 'link': 'https://www.biduo.cc/biquge/1_1120/', 'name': '全职法师'}],
 'type_name': '玄幻魔法'}, {'recommend_first': {'description': '\u3000'
                                    '无尽宇宙之中有八道鸿蒙道则，这八道道则每一道都被一个无上强者融合。没有人知道，宇宙之中还有第九道道则，这一道道则破开鸿蒙，无人可触。',
                     'image_url': 'https://www.biduo.cc/files/article/image/7/7033/7033s.jpg',
                     'link': 'https://www.biduo.cc/biquge/7_7033/',
                     'name': '天下第九'},
 'recommend_list': [{'author': '我吃西红柿',
 'link': 'https://www.biduo.cc/biquge/41_41856/',
 'name': '飞剑问道'},
                    {'author': '观棋',
 'link': 'https://www.biduo.cc/biquge/40_40479/',
 'name': '凌霄之上'},
                    {'author': '乘风御剑',
 'link': 'https://www.biduo.cc/biquge/40_40184/',
 'name': '混元剑帝'},
                    {'author': '孤独漂流',
 'link': 'https://www.biduo.cc/biquge/35_35188/',
 'name': '永恒国度'},
                    {'author': '皇甫奇',
 'link': 'https://www.biduo.cc/biquge/24_24962/',
 'name': '人皇纪'},
                    {'author': '傅啸尘',
 'link': 'https://www.biduo.cc/biquge/23_23826/',
 'name': '修炼狂潮'},
                    {'author': '忘语',
 'link': 'https://www.biduo.cc/biquge/11_11902/',
 'name': '凡人修仙之仙界篇'},
                    {'author': '萧舒',
 'link': 'https://www.biduo.cc/biquge/11_11639/',
 'name': '雷霆之主'},
                    {'author': '半步沧桑',
 'link': 'https://www.biduo.cc/biquge/5_5367/',
 'name': '至尊剑皇'},
                    {'author': '纯情犀利哥',
 'link': 'https://www.biduo.cc/biquge/4_4722/',
 'name': '诸天至尊'},
                    {'author': '误道者', 'link': 'https://www.biduo.cc/biquge/3_3789/', 'name': '大道争锋'},
                    {'author': '蛇吞鲸', 'link': 'https://www.biduo.cc/biquge/0_974/', 'name': '仙界独尊'}],
 'type_name': '武侠仙侠'}, {'recommend_first': {'description': '   \u3000\u3000'
                                    '一觉醒来，回到70年代，再次面对过往，你猜不透的结局..........',
                     'image_url': 'https://www.biduo.cc/files/article/image/28/28493/28493s.jpg',
                     'link': 'https://www.biduo.cc/biquge/28_28493/',
                     'name': '我的1979'},
 'recommend_list': [{'author': '梁七少',
 'link': 'https://www.biduo.cc/biquge/44_44023/',
 'name': '近战狂兵'},
                    {'author': '貌似纯洁',
 'link': 'https://www.biduo.cc/biquge/42_42987/',
 'name': '上门女婿'},
                    {'author': '奥尔良烤鲟鱼堡',
 'link': 'https://www.biduo.cc/biquge/41_41576/',
 'name': '重燃'},
                    {'author': '会说话的肘子',
 'link': 'https://www.biduo.cc/biquge/41_41559/',
 'name': '大王饶命'},
                    {'author': '寒门',
 'link': 'https://www.biduo.cc/biquge/41_41496/',
 'name': '奶爸的文艺人生'},
                    {'author': '一梦黄粱',
 'link': 'https://www.biduo.cc/biquge/40_40049/',
 'name': '老衲要还俗'},
                    {'author': '步行天下',
 'link': 'https://www.biduo.cc/biquge/38_38892/',
 'name': '医品宗师'},
                    {'author': '争斤论两花花帽',
 'link': 'https://www.biduo.cc/biquge/28_28493/',
 'name': '我的1979'},
                    {'author': '圣骑士的传说',
 'link': 'https://www.biduo.cc/biquge/17_17811/',
 'name': '修真聊天群'},
                    {'author': '公子不歌',
 'link': 'https://www.biduo.cc/biquge/6_6873/',
 'name': '重生完美时代'},
                    {'author': '潇铭', 'link': 'https://www.biduo.cc/biquge/4_4989/', 'name': '近身狂兵'},
                    {'author': '花都大少',
 'link': 'https://www.biduo.cc/biquge/4_4934/',
 'name': '极品全能学生'}],
 'type_name': '都市小说'}, {'recommend_first': {'description': '我们接受了祖先的遗产，这让中华辉煌了数千年，我们是如此的心安理得，从未想过要回归那个在刀耕火种中苦苦寻找出路的时代。反哺我们苦难的祖先，并从中找到故乡的真正意义，将是本书要讲的故事。',
                     'image_url': 'https://www.biduo.cc/files/article/image/41/41469/41469s.jpg',
                     'link': 'https://www.biduo.cc/biquge/41_41469/',
                     'name': '汉乡'},
 'recommend_list': [{'author': '古沐鱼',
 'link': 'https://www.biduo.cc/biquge/44_44848/',
 'name': '大唐好相公'},
                    {'author': '苍山月', 'link': 'https://www.biduo.cc/biquge/44_44105/', 'name': '獒唐'},
                    {'author': '大苹果',
 'link': 'https://www.biduo.cc/biquge/42_42905/',
 'name': '大周王侯'},
                    {'author': '石章鱼',
 'link': 'https://www.biduo.cc/biquge/40_40070/',
 'name': '替天行盗'},
                    {'author': '高月',
 'link': 'https://www.biduo.cc/biquge/39_39810/',
 'name': '寒门枭士'},
                    {'author': '更俗', 'link': 'https://www.biduo.cc/biquge/23_23704/', 'name': '楚臣'},
                    {'author': '九悟',
 'link': 'https://www.biduo.cc/biquge/19_19348/',
 'name': '奋斗在红楼'},
                    {'author': '沙漠',
 'link': 'https://www.biduo.cc/biquge/17_17276/',
 'name': '锦衣春秋'},
                    {'author': '荣小荣',
 'link': 'https://www.biduo.cc/biquge/9_9251/',
 'name': '如意小郎君'},
                    {'author': '塞外流云',
 'link': 'https://www.biduo.cc/biquge/6_6876/',
 'name': '大清巨鳄'},
                    {'author': '贱宗首席弟子',
 'link': 'https://www.biduo.cc/biquge/5_5930/',
 'name': '大魏宫廷'},
                    {'author': '幸福来敲门',
 'link': 'https://www.biduo.cc/biquge/2_2577/',
 'name': '大明文魁'}],
 'type_name': '历史军事'}, {'recommend_first': {'description': '    '
                                    '在这个武学末世，不仅武学家找不到工作，就连游戏里的格斗家都是个废柴职业！当一个真正的武学家拾起这个废柴职业的时候，它的荣光将照耀整个大陆！QQ群385142538欢迎大家加入\n'
                                    '    </p>\n'
                                    '    '
                                    '各位书友要是觉得《网游之我是武学家》还不错的话请不要忘记向您QQ群和微博里的朋友推荐哦！</p>\n',
                     'image_url': 'https://www.biduo.cc/files/article/image/11/11051/11051s.jpg',
                     'link': 'https://www.biduo.cc/biquge/11_11051/',
                     'name': '网游之我是武学家'},
 'recommend_list': [{'author': '秋度',
 'link': 'https://www.biduo.cc/biquge/43_43851/',
 'name': '我真的是游戏大神'},
                    {'author': 'Iced子夜',
 'link': 'https://www.biduo.cc/biquge/42_42991/',
 'name': '落地一把98K'},
                    {'author': '宝月流光',
 'link': 'https://www.biduo.cc/biquge/42_42606/',
 'name': '我家客厅有个副本'},
                    {'author': '文抄公',
 'link': 'https://www.biduo.cc/biquge/41_41146/',
 'name': '逍遥梦路'},
                    {'author': '大烟缸',
 'link': 'https://www.biduo.cc/biquge/40_40105/',
 'name': '巅峰文明'},
                    {'author': '三千勿忘尽',
 'link': 'https://www.biduo.cc/biquge/34_34018/',
 'name': '英雄联盟：上帝之手'},
                    {'author': '阴天神隐',
 'link': 'https://www.biduo.cc/biquge/22_22667/',
 'name': '燃钢之魂'},
                    {'author': '余云飞',
 'link': 'https://www.biduo.cc/biquge/18_18562/',
 'name': '暴风法神'},
                    {'author': '旧生',
 'link': 'https://www.biduo.cc/biquge/16_16737/',
 'name': '我真的不开挂'},
                    {'author': '蝴蝶蓝',
 'link': 'https://www.biduo.cc/biquge/11_11971/',
 'name': '王者时刻'},
                    {'author': '半步炼狱',
 'link': 'https://www.biduo.cc/biquge/4_4013/',
 'name': '喵客信条'},
                    {'author': '仲星羽', 'link': 'https://www.biduo.cc/biquge/3_3824/', 'name': '大刁民'}],
 'type_name': '网游小说'}, {'recommend_first': {'description': '简介：嘛，这就是讲述某人来到小人国后，发现自己可以一拳镇山河，一脚踢千军，一人敌万国后在现实与小人国皆横行无忌的故事。',
                     'image_url': 'https://www.biduo.cc/files/article/image/40/40824/40824s.jpg',
                     'link': 'https://www.biduo.cc/biquge/40_40824/',
                     'name': '我的小人国'},
 'recommend_list': [{'author': '骨头不听话',
 'link': 'https://www.biduo.cc/biquge/44_44857/',
 'name': '一切从寻秦记开始'},
                    {'author': '木恒',
 'link': 'https://www.biduo.cc/biquge/42_42288/',
 'name': '我被系统托管了'},
                    {'author': '有梦之人',
 'link': 'https://www.biduo.cc/biquge/40_40963/',
 'name': '电影的世界'},
                    {'author': '渡红尘',
 'link': 'https://www.biduo.cc/biquge/40_40818/',
 'name': '诸天最强BOSS'},
                    {'author': '远瞳',
 'link': 'https://www.biduo.cc/biquge/38_38963/',
 'name': '黎明之剑'},
                    {'author': '陈词懒调',
 'link': 'https://www.biduo.cc/biquge/37_37827/',
 'name': '未来天王'},
                    {'author': '三天两觉',
 'link': 'https://www.biduo.cc/biquge/26_26620/',
 'name': '纣临'},
                    {'author': '十阶浮屠',
 'link': 'https://www.biduo.cc/biquge/20_20599/',
 'name': '绝命毒尸'},
                    {'author': '南极烈日',
 'link': 'https://www.biduo.cc/biquge/18_18255/',
 'name': '史上最强店主'},
                    {'author': '当年离歌',
 'link': 'https://www.biduo.cc/biquge/8_8072/',
 'name': '机破星河'},
                    {'author': '卧牛真人',
 'link': 'https://www.biduo.cc/biquge/1_1039/',
 'name': '修真四万年'},
                    {'author': '猪小小', 'link': 'https://www.biduo.cc/biquge/0_963/', 'name': '刀碎星河'}],
 'type_name': '科幻小说'}]}
2019-05-03 12:40:29 [scrapy] INFO: Closing spider (finished)
2019-05-03 12:40:29 [scrapy] INFO: Dumping Scrapy stats:
{'downloader/request_bytes': 432,
 'downloader/request_count': 2,
 'downloader/request_method_count/GET': 2,
 'downloader/response_bytes': 10374,
 'downloader/response_count': 2,
 'downloader/response_status_count/200': 1,
 'downloader/response_status_count/404': 1,
 'finish_reason': 'finished',
 'finish_time': datetime.datetime(2019, 5, 3, 4, 40, 29, 732966),
 'item_scraped_count': 1,
 'log_count/DEBUG': 3,
 'log_count/INFO': 6,
 'response_received_count': 2,
 'robotstxt/request_count': 1,
 'robotstxt/response_count': 1,
 'robotstxt/response_status_count/404': 1,
 'scheduler/dequeued': 1,
 'scheduler/dequeued/memory': 1,
 'scheduler/enqueued': 1,
 'scheduler/enqueued/memory': 1,
 'start_time': datetime.datetime(2019, 5, 3, 4, 40, 28, 940705)}
2019-05-03 12:40:29 [scrapy] INFO: Spider closed (finished)
