2019-05-01 21:38:57 [scrapy] DEBUG: Crawled (404) <GET https://www.biquge.com.cn/robots.txt> (referer: None)
2019-05-01 21:38:58 [scrapy] DEBUG: Crawled (200) <GET https://www.biquge.com.cn/book/30458/> (referer: None)
2019-05-01 21:38:58 [scrapy] DEBUG: Scraped from <200 https://www.biquge.com.cn/book/30458/>
{'author': '猫腻',
 'book_type': '玄幻小说',
 'catalogs': [{'link': 'https://www.biquge.com.cn/book/30458/53576.html', 'text': '说在前面'},
              {'link': 'https://www.biquge.com.cn/book/30458/53577.html', 'text': '序'},
              {'link': 'https://www.biquge.com.cn/book/30458/53578.html', 'text': '第一章 三千里禁'},
              {'link': 'https://www.biquge.com.cn/book/30458/53579.html', 'text': '第二章 斩天一剑'},
              {'link': 'https://www.biquge.com.cn/book/30458/53580.html',
 'text': '第三章 再次踏进那条河的白衣少年'},
              {'link': 'https://www.biquge.com.cn/book/30458/54919.html', 'text': '第四章九天'},
              {'link': 'https://www.biquge.com.cn/book/30458/55134.html', 'text': '第五章一年'},
              {'link': 'https://www.biquge.com.cn/book/30458/55793.html', 'text': '第六章偏向故山行'},
              {'link': 'https://www.biquge.com.cn/book/30458/56007.html', 'text': '第七章第一堂课'},
              {'link': 'https://www.biquge.com.cn/book/30458/56694.html', 'text': '第八章天生道种'},
              {'link': 'https://www.biquge.com.cn/book/30458/56912.html', 'text': '第九章随你'},
              {'link': 'https://www.biquge.com.cn/book/30458/58072.html',
 'text': '第十章公子只是怕麻烦'},
              {'link': 'https://www.biquge.com.cn/book/30458/58292.html', 'text': '第十一章像花儿一样'},
              {'link': 'https://www.biquge.com.cn/book/30458/59265.html', 'text': '第十二章剑堂三静'},
              {'link': 'https://www.biquge.com.cn/book/30458/59482.html', 'text': '第十三章初露锋芒'},
              {'link': 'https://www.biquge.com.cn/book/30458/60095.html', 'text': '第十四章又一年'},
              {'link': 'https://www.biquge.com.cn/book/30458/61005.html',
 'text': '第十五章终于到来的分别'},
              {'link': 'https://www.biquge.com.cn/book/30458/61239.html', 'text': '第十六章我看错你了'},
              {'link': 'https://www.biquge.com.cn/book/30458/62866.html', 'text': '第十七章非一日之寒'},
              {'link': 'https://www.biquge.com.cn/book/30458/63100.html', 'text': '第十八章说一不二'},
              {'link': 'https://www.biquge.com.cn/book/30458/64231.html',
 'text': '第十九章一部剑经四个字'},
              {'link': 'https://www.biquge.com.cn/book/30458/64451.html',
 'text': '第二十章问剑于黑衣老者'},
              {'link': 'https://www.biquge.com.cn/book/30458/65355.html', 'text': '第二十一章剑归青山'},
              {'link': 'https://www.biquge.com.cn/book/30458/65622.html',
 'text': '第二十二章丑小鸭的第一次飞翔'},
              {'link': 'https://www.biquge.com.cn/book/30458/66520.html', 'text': '第二十三章重逢夜话'},
              {'link': 'https://www.biquge.com.cn/book/30458/66756.html', 'text': '第二十四章九夜'},
              {'link': 'https://www.biquge.com.cn/book/30458/67427.html', 'text': '第二十五章要有剑'},
              {'link': 'https://www.biquge.com.cn/book/30458/71178.html',
 'text': '第二十六章见到一双眼睛'},
              {'link': 'https://www.biquge.com.cn/book/30458/72256.html', 'text': '第二十七章峰顶有事'},
              {'link': 'https://www.biquge.com.cn/book/30458/72487.html',
 'text': '第二十八章隔着漫天血花相对'},
              {'link': 'https://www.biquge.com.cn/book/30458/73293.html',
 'text': '第二十九章人是我杀的'},
              {'link': 'https://www.biquge.com.cn/book/30458/73527.html',
 'text': '第三十章一朵奇葩入云来'},
              {'link': 'https://www.biquge.com.cn/book/30458/74843.html',
 'text': '第三十一章一壶茶水穷意思'},
              {'link': 'https://www.biquge.com.cn/book/30458/75103.html',
 'text': '第三十二章一道铁剑盖山河'},
              {'link': 'https://www.biquge.com.cn/book/30458/75823.html',
 'text': '第三十三章风雪里的一口老井'},
              {'link': 'https://www.biquge.com.cn/book/30458/78844.html',
 'text': '第三十四章溪石上的两道身影'},
              {'link': 'https://www.biquge.com.cn/book/30458/79797.html',
 'text': '第三十五章原来他就是井九'},
              {'link': 'https://www.biquge.com.cn/book/30458/80921.html', 'text': '第三十六章开会了'},
              {'link': 'https://www.biquge.com.cn/book/30458/81728.html',
 'text': '第三十七章少年你意欲何为？'},
              {'link': 'https://www.biquge.com.cn/book/30458/82008.html', 'text': '第三十八章剑呢'},
              {'link': 'https://www.biquge.com.cn/book/30458/83100.html',
 'text': '第三十九章愤怒的顾清'},
              {'link': 'https://www.biquge.com.cn/book/30458/83422.html', 'text': '第四十章清溪一声笑'},
              {'link': 'https://www.biquge.com.cn/book/30458/85536.html', 'text': '第四十一章抢人'},
              {'link': 'https://www.biquge.com.cn/book/30458/86560.html',
 'text': '第四十二章吾愿青山第九峰'},
              {'link': 'https://www.biquge.com.cn/book/30458/90910.html',
 'text': '第四十三章我也是这么想的'},
              {'link': 'https://www.biquge.com.cn/book/30458/91192.html',
 'text': '第四十四章割裂的青峰'},
              {'link': 'https://www.biquge.com.cn/book/30458/91915.html',
 'text': '第四十五章我怕来不及'},
              {'link': 'https://www.biquge.com.cn/book/30458/92226.html', 'text': '第四十六章看就看吧'},
              {'link': 'https://www.biquge.com.cn/book/30458/92930.html',
 'text': '第四十七章仙人抚我顶，结发授长生'},
              {'link': 'https://www.biquge.com.cn/book/30458/94084.html',
 'text': '第四十八章原来你一直在这里'},
              {'link': 'https://www.biquge.com.cn/book/30458/94378.html', 'text': '第四十九章散会了'},
              {'link': 'https://www.biquge.com.cn/book/30458/95359.html',
 'text': '第五十章叫声师叔来听'},
              {'link': 'https://www.biquge.com.cn/book/30458/95672.html',
 'text': '第五十一章井九的来历'},
              {'link': 'https://www.biquge.com.cn/book/30458/96940.html',
 'text': '第五十二章每个人的心里都有一个鬼'},
              {'link': 'https://www.biquge.com.cn/book/30458/97248.html',
 'text': '第五十三章谁才是猴子搬来的救兵'},
              {'link': 'https://www.biquge.com.cn/book/30458/98122.html', 'text': '第五十四章放着我来'},
              {'link': 'https://www.biquge.com.cn/book/30458/99394.html',
 'text': '第五十五章不同道路的开端'},
              {'link': 'https://www.biquge.com.cn/book/30458/99746.html', 'text': '第五十六章一声叹息'},
              {'link': 'https://www.biquge.com.cn/book/30458/100804.html',
 'text': '第五十七章阴三是一个好名字'},
              {'link': 'https://www.biquge.com.cn/book/30458/102620.html',
 'text': '第五十八章知错不必改'},
              {'link': 'https://www.biquge.com.cn/book/30458/102919.html',
 'text': '第五十九章白痴及鬼'},
              {'link': 'https://www.biquge.com.cn/book/30458/104929.html',
 'text': '第六十章夜探碧湖峰'},
              {'link': 'https://www.biquge.com.cn/book/30458/105238.html', 'text': '第六十一章刘阿大'},
              {'link': 'https://www.biquge.com.cn/book/30458/106454.html',
 'text': '第六十二章太平真人的故事'},
              {'link': 'https://www.biquge.com.cn/book/30458/106757.html',
 'text': '第六十三章一串香蕉'},
              {'link': 'https://www.biquge.com.cn/book/30458/114631.html',
 'text': '第六十四章千百年来皆如此'},
              {'link': 'https://www.biquge.com.cn/book/30458/114982.html',
 'text': '第六十五章我待为谁发新诗'},
              {'link': 'https://www.biquge.com.cn/book/30458/116170.html',
 'text': '第一章青山蒙羞的第一天'},
              {'link': 'https://www.biquge.com.cn/book/30458/117347.html',
 'text': '第二章听取蛙声一片'},
              {'link': 'https://www.biquge.com.cn/book/30458/117659.html', 'text': '第三章杀之一剑'},
              {'link': 'https://www.biquge.com.cn/book/30458/120415.html', 'text': '第四章剑入朝南城'},
              {'link': 'https://www.biquge.com.cn/book/30458/120770.html',
 'text': '第五章拍卖会上的意外'},
              {'link': 'https://www.biquge.com.cn/book/30458/121692.html',
 'text': '第六章你们想死吗？'},
              {'link': 'https://www.biquge.com.cn/book/30458/122013.html', 'text': '第七章那就都死吧'},
              {'link': 'https://www.biquge.com.cn/book/30458/122907.html', 'text': '第八章消逝的妖丹'},
              {'link': 'https://www.biquge.com.cn/book/30458/123226.html',
 'text': '第九章也许从一开始就是错的'},
              {'link': 'https://www.biquge.com.cn/book/30458/124170.html',
 'text': '第十章两年后的青山'},
              {'link': 'https://www.biquge.com.cn/book/30458/124998.html',
 'text': '第十一章万里外的海州'},
              {'link': 'https://www.biquge.com.cn/book/30458/126295.html',
 'text': '第十二章小荷才露尖尖角'},
              {'link': 'https://www.biquge.com.cn/book/30458/133736.html',
 'text': '第十三章早有十岁在上头'},
              {'link': 'https://www.biquge.com.cn/book/30458/133737.html',
 'text': '第十四章破庙里的不老林'},
              {'link': 'https://www.biquge.com.cn/book/30458/134138.html',
 'text': '第十五章古井无波亦无情'},
              {'link': 'https://www.biquge.com.cn/book/30458/135656.html', 'text': '第十六章四海宴'},
              {'link': 'https://www.biquge.com.cn/book/30458/136033.html',
 'text': '第十七章我能想到最简单的事'},
              {'link': 'https://www.biquge.com.cn/book/30458/137043.html',
 'text': '第十八章中州派的天才少年'},
              {'link': 'https://www.biquge.com.cn/book/30458/137425.html',
 'text': '第十九章原来不是你'},
              {'link': 'https://www.biquge.com.cn/book/30458/138362.html',
 'text': '第二十章一言不发便杀人'},
              {'link': 'https://www.biquge.com.cn/book/30458/138726.html',
 'text': '第二十一章原来她是赵腊月'},
              {'link': 'https://www.biquge.com.cn/book/30458/139659.html',
 'text': '第二十二章烽火连三月'},
              {'link': 'https://www.biquge.com.cn/book/30458/158443.html',
 'text': '第二十三章承天不是剑'},
              {'link': 'https://www.biquge.com.cn/book/30458/158444.html',
 'text': '很认真也很短的一些感言'},
              {'link': 'https://www.biquge.com.cn/book/30458/159359.html',
 'text': '第二十四章时隔三年又承剑'},
              {'link': 'https://www.biquge.com.cn/book/30458/159770.html',
 'text': '第二十五章仿佛当年'},
              {'link': 'https://www.biquge.com.cn/book/30458/162648.html', 'text': '第二十六章收徒'},
              {'link': 'https://www.biquge.com.cn/book/30458/163066.html',
 'text': '第二十七章取名不是寻常事'},
              {'link': 'https://www.biquge.com.cn/book/30458/164074.html',
 'text': '第二十八章青山试剑'},
              {'link': 'https://www.biquge.com.cn/book/30458/164563.html',
 'text': '第二十九章且看山道来一鬼'},
              {'link': 'https://www.biquge.com.cn/book/30458/166215.html',
 'text': '第三十章野火烧不尽，此恨悠悠'},
              {'link': 'https://www.biquge.com.cn/book/30458/167770.html',
 'text': '第三十一章剑行无彰'},
              {'link': 'https://www.biquge.com.cn/book/30458/167771.html',
 'text': '第三十二章走火，然后入魔'},
              {'link': 'https://www.biquge.com.cn/book/30458/168208.html',
 'text': '第三十三章一位过客站在这里的原因'},
              {'link': 'https://www.biquge.com.cn/book/30458/169808.html',
 'text': '第三十四章指名两忘峰'},
              {'link': 'https://www.biquge.com.cn/book/30458/171586.html', 'text': '第三十五章剑去'},
              {'link': 'https://www.biquge.com.cn/book/30458/171587.html',
 'text': '第三十六章铁剑依然在'},
              {'link': 'https://www.biquge.com.cn/book/30458/171986.html', 'text': '第三十七章断剑'},
              {'link': 'https://www.biquge.com.cn/book/30458/173354.html',
 'text': '第三十八章先天剑体？'},
              {'link': 'https://www.biquge.com.cn/book/30458/173796.html',
 'text': '第三十九章井九门下大师兄'},
              {'link': 'https://www.biquge.com.cn/book/30458/175308.html',
 'text': '第四十章返乡的废人'},
              {'link': 'https://www.biquge.com.cn/book/30458/175709.html',
 'text': '第四十一章柳十岁的九天与一年'},
              {'link': 'https://www.biquge.com.cn/book/30458/177107.html', 'text': '第四十二章三顾'},
              {'link': 'https://www.biquge.com.cn/book/30458/177513.html',
 'text': '第四十三章好一朵美丽的茉莉花'},
              {'link': 'https://www.biquge.com.cn/book/30458/179581.html',
 'text': '第四十四章景阳真人别府？'},
              {'link': 'https://www.biquge.com.cn/book/30458/180021.html',
 'text': '第四十五章禅子相见不相识'},
              {'link': 'https://www.biquge.com.cn/book/30458/181476.html',
 'text': '第四十六章笑问客从何处来'},
              {'link': 'https://www.biquge.com.cn/book/30458/181872.html',
 'text': '第四十七章井家春秋'},
              {'link': 'https://www.biquge.com.cn/book/30458/187556.html',
 'text': '第四十八章试问卷帘人'},
              {'link': 'https://www.biquge.com.cn/book/30458/193840.html',
 'text': '第四十九章我也知道很多秘密'},
              {'link': 'https://www.biquge.com.cn/book/30458/194932.html',
 'text': '第五十章我下棋你在意吗'},
              {'link': 'https://www.biquge.com.cn/book/30458/202564.html',
 'text': '第五十一章举指齐眉'},
              {'link': 'https://www.biquge.com.cn/book/30458/204111.html',
 'text': '第五十二章梅园凌寒台'},
              {'link': 'https://www.biquge.com.cn/book/30458/206367.html',
 'text': '第五十三章你一直都很好看'},
              {'link': 'https://www.biquge.com.cn/book/30458/224956.html', 'text': '告知'},
              {'link': 'https://www.biquge.com.cn/book/30458/363747.html',
 'text': '没有更新，报告几句话'},
              {'link': 'https://www.biquge.com.cn/book/30458/474168.html', 'text': '前情提要'},
              {'link': 'https://www.biquge.com.cn/book/30458/475352.html',
 'text': '第五十四章人间不值得'},
              {'link': 'https://www.biquge.com.cn/book/30458/477883.html',
 'text': '第五十五章白露早为霜'},
              {'link': 'https://www.biquge.com.cn/book/30458/480719.html',
 'text': '第五十六章像井九一样弹琴'},
              {'link': 'https://www.biquge.com.cn/book/30458/483747.html',
 'text': '第五十七章像某某一样下棋'},
              {'link': 'https://www.biquge.com.cn/book/30458/486768.html',
 'text': '第五十八章故园铃声'},
              {'link': 'https://www.biquge.com.cn/book/30458/489959.html',
 'text': '第五十九章云胡不喜'},
              {'link': 'https://www.biquge.com.cn/book/30458/496636.html',
 'text': '第六十章瑟字有几种写法？'},
              {'link': 'https://www.biquge.com.cn/book/30458/499260.html',
 'text': '第六十一章一件小事'},
              {'link': 'https://www.biquge.com.cn/book/30458/501902.html',
 'text': '第六十二章 两句天命'},
              {'link': 'https://www.biquge.com.cn/book/30458/504522.html',
 'text': '第六十三章到底谁有秘密？'},
              {'link': 'https://www.biquge.com.cn/book/30458/507296.html',
 'text': '第六十四章你承受得住吗？'},
              {'link': 'https://www.biquge.com.cn/book/30458/509922.html',
 'text': '第六十五章以剑斩意'},
              {'link': 'https://www.biquge.com.cn/book/30458/512776.html',
 'text': '第六十六章我不想知道你是谁'},
              {'link': 'https://www.biquge.com.cn/book/30458/515646.html',
 'text': '第六十七章你要不要来试试看？'},
              {'link': 'https://www.biquge.com.cn/book/30458/518597.html',
 'text': '第六十八章旧梅园名局的隐形参与者'},
              {'link': 'https://www.biquge.com.cn/book/30458/521837.html',
 'text': '第六十九章挑灯看棋以及看人'},
              {'link': 'https://www.biquge.com.cn/book/30458/524506.html',
 'text': '第七十章打的一手好算盘'},
              {'link': 'https://www.biquge.com.cn/book/30458/527378.html',
 'text': '第七十一章遁去的一'},
              {'link': 'https://www.biquge.com.cn/book/30458/530628.html',
 'text': '第七十二章遁剑者的传说'},
              {'link': 'https://www.biquge.com.cn/book/30458/538442.html',
 'text': '第七十三章井九进宫'},
              {'link': 'https://www.biquge.com.cn/book/30458/541327.html',
 'text': '第七十四章步步生莲'},
              {'link': 'https://www.biquge.com.cn/book/30458/544287.html',
 'text': '第七十五章荷花入夜'},
              {'link': 'https://www.biquge.com.cn/book/30458/547025.html', 'text': '第七十六章开放'},
              {'link': 'https://www.biquge.com.cn/book/30458/549726.html',
 'text': '第七十七章青山如棋盘'},
              {'link': 'https://www.biquge.com.cn/book/30458/552429.html',
 'text': '第七十八章棋盘上有些灰'},
              {'link': 'https://www.biquge.com.cn/book/30458/555218.html',
 'text': '第七十九章棋枰上的那把火'},
              {'link': 'https://www.biquge.com.cn/book/30458/557912.html',
 'text': '第八十章溪间崖畔尽狂生'},
              {'link': 'https://www.biquge.com.cn/book/30458/560569.html',
 'text': '第八十一章万物如棋'},
              {'link': 'https://www.biquge.com.cn/book/30458/563157.html', 'text': '第八十二章落子'},
              {'link': 'https://www.biquge.com.cn/book/30458/565694.html',
 'text': '第八十三章看不懂的棋局'},
              {'link': 'https://www.biquge.com.cn/book/30458/568326.html',
 'text': '第八十四章终有一记雷霆'},
              {'link': 'https://www.biquge.com.cn/book/30458/570956.html',
 'text': '第八十五章最后一步'},
              {'link': 'https://www.biquge.com.cn/book/30458/573544.html',
 'text': '第八十六章伟大而痛苦的胜负'},
              {'link': 'https://www.biquge.com.cn/book/30458/576187.html',
 'text': '第八十七章下棋是一件很简单的事情'},
              {'link': 'https://www.biquge.com.cn/book/30458/578956.html',
 'text': '第八十八章度尽棋劫起风波'},
              {'link': 'https://www.biquge.com.cn/book/30458/581815.html',
 'text': '第八十九章有人想见赵腊月'},
              {'link': 'https://www.biquge.com.cn/book/30458/584514.html',
 'text': '第九十章施丰臣的一天'},
              {'link': 'https://www.biquge.com.cn/book/30458/587085.html',
 'text': '第九十一章王小明的半生'},
              {'link': 'https://www.biquge.com.cn/book/30458/589713.html',
 'text': '第九十二章赵腊月遇到的第一次暗杀'},
              {'link': 'https://www.biquge.com.cn/book/30458/592266.html',
 'text': '第九十三章穿着厚布衣的少女'},
              {'link': 'https://www.biquge.com.cn/book/30458/594983.html',
 'text': '第九十四章最难摆脱的不是剑光，而是意外'},
              {'link': 'https://www.biquge.com.cn/book/30458/597472.html',
 'text': '第九十五章那人在崖边钓鸟'},
              {'link': 'https://www.biquge.com.cn/book/30458/600011.html',
 'text': '第九十六章一片血光里开始查案'},
              {'link': 'https://www.biquge.com.cn/book/30458/602568.html',
 'text': '第九十七章中州派与水月庵的处置'},
              {'link': 'https://www.biquge.com.cn/book/30458/605150.html',
 'text': '第九十八章请你看看我'},
              {'link': 'https://www.biquge.com.cn/book/30458/607665.html',
 'text': '第九十九章最直接的问题'},
              {'link': 'https://www.biquge.com.cn/book/30458/610155.html',
 'text': '第一百章整个人间只剩太平'},
              {'link': 'https://www.biquge.com.cn/book/30458/612833.html',
 'text': '第一百零一章踏上修行路的王小明'},
              {'link': 'https://www.biquge.com.cn/book/30458/615247.html',
 'text': '第一百零二章我怜世人忧患多'},
              {'link': 'https://www.biquge.com.cn/book/30458/617791.html',
 'text': '第一百零三章我们都在井底'},
              {'link': 'https://www.biquge.com.cn/book/30458/620536.html',
 'text': '第一百零四章想想人间'},
              {'link': 'https://www.biquge.com.cn/book/30458/623002.html',
 'text': '第一百零五章踏血寻梅'},
              {'link': 'https://www.biquge.com.cn/book/30458/625474.html',
 'text': '第一百零六章来看看你们'},
              {'link': 'https://www.biquge.com.cn/book/30458/627899.html',
 'text': '第一百零七章你来就你来'},
              {'link': 'https://www.biquge.com.cn/book/30458/630484.html', 'text': '第一百零八章交代'},
              {'link': 'https://www.biquge.com.cn/book/30458/632943.html',
 'text': '第一百零九章寒意十足的信号'},
              {'link': 'https://www.biquge.com.cn/book/30458/635333.html',
 'text': '第一百一十章只要井九有感觉'},
              {'link': 'https://www.biquge.com.cn/book/30458/637821.html',
 'text': '第一百一十一章晨光与暮色之间的你在哪里？'},
              {'link': 'https://www.biquge.com.cn/book/30458/640266.html',
 'text': '第一百一十二章寒雾外响起的声音'},
              {'link': 'https://www.biquge.com.cn/book/30458/642698.html',
 'text': '第一百一十三章远方的无数血梅'},
              {'link': 'https://www.biquge.com.cn/book/30458/644991.html',
 'text': '第一百一十四章又是井九'},
              {'link': 'https://www.biquge.com.cn/book/30458/647581.html',
 'text': '第一百一十五章师叔来了'},
              {'link': 'https://www.biquge.com.cn/book/30458/650117.html',
 'text': '第一百一十六章道战第一想做啥？'},
              {'link': 'https://www.biquge.com.cn/book/30458/652506.html',
 'text': '第一百一十七章你以为你是谁？'},
              {'link': 'https://www.biquge.com.cn/book/30458/654978.html',
 'text': '第一百一十八章不恕'},
              {'link': 'https://www.biquge.com.cn/book/30458/657818.html',
 'text': '第一百一十九章都走'},
              {'link': 'https://www.biquge.com.cn/book/30458/660329.html',
 'text': '第一百二十章白城里的庙'},
              {'link': 'https://www.biquge.com.cn/book/30458/662861.html',
 'text': '第一百二十一章我来人间看看太阳'},
              {'link': 'https://www.biquge.com.cn/book/30458/665225.html',
 'text': '第一百二十二章看了一眼，万里之远'},
              {'link': 'https://www.biquge.com.cn/book/30458/667516.html',
 'text': '第一百二十三章消失的高大身影'},
              {'link': 'https://www.biquge.com.cn/book/30458/669885.html',
 'text': '第一百二十四章前世此生未遇之对手'},
              {'link': 'https://www.biquge.com.cn/book/30458/672322.html',
 'text': '第一百二十五章雪虫腹内有只鬼'},
              {'link': 'https://www.biquge.com.cn/book/30458/674664.html',
 'text': '第一百二十六章我不想为你做嫁衣'},
              {'link': 'https://www.biquge.com.cn/book/30458/676987.html',
 'text': '第一百二十七章令人厌倦的故事'},
              {'link': 'https://www.biquge.com.cn/book/30458/679292.html',
 'text': '第一百二十八章与冰雪女王的谈判'},
              {'link': 'https://www.biquge.com.cn/book/30458/681643.html',
 'text': '第一百二十九章谈判的结果有些微妙'},
              {'link': 'https://www.biquge.com.cn/book/30458/683938.html',
 'text': '第一百三十章十年之后杀了洛淮南？'},
              {'link': 'https://www.biquge.com.cn/book/30458/686207.html',
 'text': '第一百三十一章请讲出你的故事，信就算我输'},
              {'link': 'https://www.biquge.com.cn/book/30458/688490.html',
 'text': '第一百三十二章且放梨花满'},
              {'link': 'https://www.biquge.com.cn/book/30458/690775.html', 'text': '第一章三年'},
              {'link': 'https://www.biquge.com.cn/book/30458/692994.html', 'text': '第二章童颜拜山'},
              {'link': 'https://www.biquge.com.cn/book/30458/695287.html',
 'text': '第三章暮色再至宝树居'},
              {'link': 'https://www.biquge.com.cn/book/30458/697520.html',
 'text': '第四章春雨再至朝歌城'},
              {'link': 'https://www.biquge.com.cn/book/30458/699720.html',
 'text': '第五章夜宫再见胡贵妃'},
              {'link': 'https://www.biquge.com.cn/book/30458/701251.html', 'text': '第六章借剑杀人'},
              {'link': 'https://www.biquge.com.cn/book/30458/702355.html', 'text': '第七章洛淮南的局'},
              {'link': 'https://www.biquge.com.cn/book/30458/703875.html', 'text': '第八章谁是局中人'},
              {'link': 'https://www.biquge.com.cn/book/30458/704610.html', 'text': '第九章洛淮南之死'},
              {'link': 'https://www.biquge.com.cn/book/30458/706198.html', 'text': '第十章人死如烟生'},
              {'link': 'https://www.biquge.com.cn/book/30458/706929.html',
 'text': '第十一章谁来回答这个问题？'},
              {'link': 'https://www.biquge.com.cn/book/30458/708477.html',
 'text': '第十二章真凶是谁？'},
              {'link': 'https://www.biquge.com.cn/book/30458/709133.html',
 'text': '第十三章不见天日柳十岁'},
              {'link': 'https://www.biquge.com.cn/book/30458/710737.html',
 'text': '第十四章奈何天日必昭昭'},
              {'link': 'https://www.biquge.com.cn/book/30458/711394.html',
 'text': '第十五章朝朝如此谁能活'},
              {'link': 'https://www.biquge.com.cn/book/30458/712925.html',
 'text': '第十六章活人无数不老林'},
              {'link': 'https://www.biquge.com.cn/book/30458/713586.html',
 'text': '第十七章林中有鸟各自飞'},
              {'link': 'https://www.biquge.com.cn/book/30458/715105.html',
 'text': '第十八章又是道战临雪原'},
              {'link': 'https://www.biquge.com.cn/book/30458/715719.html',
 'text': '第十九章好大的动静'},
              {'link': 'https://www.biquge.com.cn/book/30458/717237.html',
 'text': '第二十章六年里的故事'},
              {'link': 'https://www.biquge.com.cn/book/30458/717845.html', 'text': '第二十一章抽丝'},
              {'link': 'https://www.biquge.com.cn/book/30458/719336.html', 'text': '第二十二章剥茧'},
              {'link': 'https://www.biquge.com.cn/book/30458/719976.html', 'text': '第二十三章小白花'},
              {'link': 'https://www.biquge.com.cn/book/30458/721530.html', 'text': '第二十四章小酒窝'},
              {'link': 'https://www.biquge.com.cn/book/30458/722194.html',
 'text': '第二十五章一曲寒蝉'},
              {'link': 'https://www.biquge.com.cn/book/30458/723740.html',
 'text': '第二十六章站这峰，望那峰'},
              {'link': 'https://www.biquge.com.cn/book/30458/724394.html', 'text': '第二十七章偷猫'},
              {'link': 'https://www.biquge.com.cn/book/30458/725909.html',
 'text': '第二十八章四大镇守的来历'},
              {'link': 'https://www.biquge.com.cn/book/30458/726584.html', 'text': '第二十九章尸狗'},
              {'link': 'https://www.biquge.com.cn/book/30458/728224.html', 'text': '第三十章白吃'},
              {'link': 'https://www.biquge.com.cn/book/30458/728869.html',
 'text': '第三十一章这样和那样的人'},
              {'link': 'https://www.biquge.com.cn/book/30458/730341.html',
 'text': '第三十二章乱礁斗剑'},
              {'link': 'https://www.biquge.com.cn/book/30458/730966.html',
 'text': '第三十三章天若无情方不老（上）'},
              {'link': 'https://www.biquge.com.cn/book/30458/732520.html', 'text': '第三十四章寻剑'},
              {'link': 'https://www.biquge.com.cn/book/30458/733185.html',
 'text': '第三十五章喜欢吃烤肉的年轻人'},
              {'link': 'https://www.biquge.com.cn/book/30458/734876.html',
 'text': '第三十六章早有故事在上头'},
              {'link': 'https://www.biquge.com.cn/book/30458/735540.html', 'text': '第三十七章他是谁'},
              {'link': 'https://www.biquge.com.cn/book/30458/737007.html',
 'text': '第三十八章那么，就到这里了'},
              {'link': 'https://www.biquge.com.cn/book/30458/737613.html',
 'text': '第三十九章还君明珠'},
              {'link': 'https://www.biquge.com.cn/book/30458/739197.html', 'text': '第三十九章剑游'},
              {'link': 'https://www.biquge.com.cn/book/30458/739842.html',
 'text': '第四十章跨过山和大海的巨人'},
              {'link': 'https://www.biquge.com.cn/book/30458/741278.html',
 'text': '第四十一章掌门因何发笑？'},
              {'link': 'https://www.biquge.com.cn/book/30458/741861.html', 'text': '第四十二章经'},
              {'link': 'https://www.biquge.com.cn/book/30458/743313.html',
 'text': '第四十四章太常寺的斜风细雨'},
              {'link': 'https://www.biquge.com.cn/book/30458/743921.html',
 'text': '第四十五章离开青山的流星雨'},
              {'link': 'https://www.biquge.com.cn/book/30458/745179.html', 'text': '今天没有更新'},
              {'link': 'https://www.biquge.com.cn/book/30458/747399.html',
 'text': '第四十六章谁于水面张青盖'},
              {'link': 'https://www.biquge.com.cn/book/30458/747951.html',
 'text': '第四十七章天地间最锋利的剑'},
              {'link': 'https://www.biquge.com.cn/book/30458/749362.html',
 'text': '第四十八章心有猛虎，细嗅茉莉'},
              {'link': 'https://www.biquge.com.cn/book/30458/750239.html',
 'text': '第四十九章两小无猜'},
              {'link': 'https://www.biquge.com.cn/book/30458/751667.html',
 'text': '第五十章多话的柳十岁'},
              {'link': 'https://www.biquge.com.cn/book/30458/752354.html',
 'text': '第五十一章一声叹息'},
              {'link': 'https://www.biquge.com.cn/book/30458/753743.html', 'text': '第五十二章闲笔'},
              {'link': 'https://www.biquge.com.cn/book/30458/754332.html',
 'text': '第五十三章白发三千'},
              {'link': 'https://www.biquge.com.cn/book/30458/755789.html', 'text': '第五十四章君不见'},
              {'link': 'https://www.biquge.com.cn/book/30458/756385.html',
 'text': '第五十五章高堂明镜悲白发'},
              {'link': 'https://www.biquge.com.cn/book/30458/757815.html',
 'text': '第五十六章云台的真面容'},
              {'link': 'https://www.biquge.com.cn/book/30458/758408.html',
 'text': '第五十七章卖刀者说'},
              {'link': 'https://www.biquge.com.cn/book/30458/759795.html',
 'text': '第五十八章海上生巨山'},
              {'link': 'https://www.biquge.com.cn/book/30458/760395.html',
 'text': '第五十九章吾乃骑鲸乐浪人'},
              {'link': 'https://www.biquge.com.cn/book/30458/761772.html',
 'text': '第六十章井九讲故事'},
              {'link': 'https://www.biquge.com.cn/book/30458/763838.html',
 'text': '第六十一章 那些年我们吃的火锅、杀的人'},
              {'link': 'https://www.biquge.com.cn/book/30458/765782.html',
 'text': '第六十二章他人即地狱'},
              {'link': 'https://www.biquge.com.cn/book/30458/767814.html',
 'text': '第六十三章云台明灭'},
              {'link': 'https://www.biquge.com.cn/book/30458/769781.html',
 'text': '第六十四章摸鱼的白衣少女'},
              {'link': 'https://www.biquge.com.cn/book/30458/771265.html',
 'text': '22号的更新在夜里，中午不用等'},
              {'link': 'https://www.biquge.com.cn/book/30458/772622.html',
 'text': '第六十五章菜园纪事'},
              {'link': 'https://www.biquge.com.cn/book/30458/774178.html',
 'text': '第六十六章格局、问题以及麻烦'},
              {'link': 'https://www.biquge.com.cn/book/30458/776057.html',
 'text': '第六十七章亲妈、腐乳以及归期'},
              {'link': 'https://www.biquge.com.cn/book/30458/777936.html',
 'text': '第六十八章小妈来了？'},
              {'link': 'https://www.biquge.com.cn/book/30458/779825.html',
 'text': '第六十九章我知道你们这些年想做什么'},
              {'link': 'https://www.biquge.com.cn/book/30458/781867.html', 'text': '第七十章有所得'},
              {'link': 'https://www.biquge.com.cn/book/30458/783786.html',
 'text': '第七十一章摸鱼儿（上）'},
              {'link': 'https://www.biquge.com.cn/book/30458/785712.html',
 'text': '第七十二章摸鱼儿（中）'},
              {'link': 'https://www.biquge.com.cn/book/30458/787657.html',
 'text': '第七十三章摸鱼儿（下）'},
              {'link': 'https://www.biquge.com.cn/book/30458/789261.html', 'text': '今天没有更新'},
              {'link': 'https://www.biquge.com.cn/book/30458/791302.html', 'text': '第一章回山'},
              {'link': 'https://www.biquge.com.cn/book/30458/793484.html', 'text': '第二章谈判'},
              {'link': 'https://www.biquge.com.cn/book/30458/795324.html', 'text': '第三章不懂'},
              {'link': 'https://www.biquge.com.cn/book/30458/797099.html', 'text': '第四章野竹'},
              {'link': 'https://www.biquge.com.cn/book/30458/798838.html', 'text': '第五章如临大敌'},
              {'link': 'https://www.biquge.com.cn/book/30458/800645.html', 'text': '第六章白云扑面'},
              {'link': 'https://www.biquge.com.cn/book/30458/802361.html', 'text': '第七章看见悲凉'},
              {'link': 'https://www.biquge.com.cn/book/30458/804099.html', 'text': '第八章很妖的一问'},
              {'link': 'https://www.biquge.com.cn/book/30458/805783.html',
 'text': '第九章阴凤大人要的证明'},
              {'link': 'https://www.biquge.com.cn/book/30458/807537.html', 'text': '第十章一人不得道'},
              {'link': 'https://www.biquge.com.cn/book/30458/808355.html', 'text': '很久不见的单章'},
              {'link': 'https://www.biquge.com.cn/book/30458/809167.html',
 'text': '第十一章左易案的再变化'},
              {'link': 'https://www.biquge.com.cn/book/30458/810909.html', 'text': '第十二章破庙灭口'},
              {'link': 'https://www.biquge.com.cn/book/30458/812561.html',
 'text': '第十三章慌了的人与不省心的人'},
              {'link': 'https://www.biquge.com.cn/book/30458/814174.html', 'text': '第十四章吾峰不孤'},
              {'link': 'https://www.biquge.com.cn/book/30458/815332.html', 'text': '第十五章事情来了'},
              {'link': 'https://www.biquge.com.cn/book/30458/817433.html',
 'text': '第十六章打死我都不说'},
              {'link': 'https://www.biquge.com.cn/book/30458/817434.html',
 'text': '第十七章我在云集镇等你'},
              {'link': 'https://www.biquge.com.cn/book/30458/817435.html',
 'text': '第十八章花前，星下，尸狗'},
              {'link': 'https://www.biquge.com.cn/book/30458/818700.html', 'text': '第十九章劝学'},
              {'link': 'https://www.biquge.com.cn/book/30458/819232.html', 'text': '第二十章传经'},
              {'link': 'https://www.biquge.com.cn/book/30458/820411.html', 'text': '第二十一章种菜'},
              {'link': 'https://www.biquge.com.cn/book/30458/820902.html', 'text': '第二十二章有毒'},
              {'link': 'https://www.biquge.com.cn/book/30458/822118.html', 'text': '第二十三章智者'},
              {'link': 'https://www.biquge.com.cn/book/30458/822630.html', 'text': '第二十四章沉思者'},
              {'link': 'https://www.biquge.com.cn/book/30458/823858.html', 'text': '第二十五章吞剑者'},
              {'link': 'https://www.biquge.com.cn/book/30458/824308.html', 'text': '第二十六章师者'},
              {'link': 'https://www.biquge.com.cn/book/30458/825986.html', 'text': '第二十七章逝者'},
              {'link': 'https://www.biquge.com.cn/book/30458/827207.html',
 'text': '第二十八章临兵斗者'},
              {'link': 'https://www.biquge.com.cn/book/30458/827699.html',
 'text': '第二十九章再至朝歌城'},
              {'link': 'https://www.biquge.com.cn/book/30458/828956.html',
 'text': '第三十章皇位继承的问题'},
              {'link': 'https://www.biquge.com.cn/book/30458/829430.html', 'text': '第三十一章亮剑'},
              {'link': 'https://www.biquge.com.cn/book/30458/830607.html',
 'text': '第三十二章入太常寺'},
              {'link': 'https://www.biquge.com.cn/book/30458/831064.html',
 'text': '第三十三章下镇魔狱'},
              {'link': 'https://www.biquge.com.cn/book/30458/832260.html',
 'text': '第三十四章见五彩人'},
              {'link': 'https://www.biquge.com.cn/book/30458/832692.html',
 'text': '第三十五章学冥皇法'},
              {'link': 'https://www.biquge.com.cn/book/30458/833895.html',
 'text': '第三十六章说从前事'},
              {'link': 'https://www.biquge.com.cn/book/30458/834540.html',
 'text': '第三十七章做简单人'},
              {'link': 'https://www.biquge.com.cn/book/30458/835728.html',
 'text': '第三十八章同天地大'},
              {'link': 'https://www.biquge.com.cn/book/30458/836347.html',
 'text': '第三十九章镇魔狱的蚊子'},
              {'link': 'https://www.biquge.com.cn/book/30458/837725.html',
 'text': '第四十章春天正是读书天'},
              {'link': 'https://www.biquge.com.cn/book/30458/838229.html',
 'text': '第四十一章静斗道字一闪念'},
              {'link': 'https://www.biquge.com.cn/book/30458/839351.html',
 'text': '第四十二章听碗、玩猫、宣官'},
              {'link': 'https://www.biquge.com.cn/book/30458/839572.html', 'text': '突发请假'},
              {'link': 'https://www.biquge.com.cn/book/30458/841565.html',
 'text': '第四十三章知徒莫若师'},
              {'link': 'https://www.biquge.com.cn/book/30458/842865.html',
 'text': '第四十四章如何安度晚年？'},
              {'link': 'https://www.biquge.com.cn/book/30458/843370.html', 'text': '第四十五章睡美人'},
              {'link': 'https://www.biquge.com.cn/book/30458/844523.html',
 'text': '第四十六章岂为一己之不遇乎'},
              {'link': 'https://www.biquge.com.cn/book/30458/845023.html',
 'text': '第四十七章红尘白雪，找你麻烦'},
              {'link': 'https://www.biquge.com.cn/book/30458/846220.html', 'text': '第四十八章信'},
              {'link': 'https://www.biquge.com.cn/book/30458/846736.html',
 'text': '第四十九章就是三年'},
              {'link': 'https://www.biquge.com.cn/book/30458/847848.html',
 'text': '第五十章时间洪流前的对话'},
              {'link': 'https://www.biquge.com.cn/book/30458/848329.html',
 'text': '第五十一章镇魔狱里来了一只鬼'},
              {'link': 'https://www.biquge.com.cn/book/30458/849922.html',
 'text': '第五十二章钟声因何而鸣'},
              {'link': 'https://www.biquge.com.cn/book/30458/851696.html',
 'text': '第五十三章龙牙之痛'},
              {'link': 'https://www.biquge.com.cn/book/30458/853374.html',
 'text': '第五十四章幽冥仙剑的第一次登场'},
              {'link': 'https://www.biquge.com.cn/book/30458/855004.html',
 'text': '第五十五章互相伤害的龙与剑'},
              {'link': 'https://www.biquge.com.cn/book/30458/856610.html',
 'text': '第五十六章朝歌城的地震'},
              {'link': 'https://www.biquge.com.cn/book/30458/858183.html',
 'text': '第五十七章等待冥皇'},
              {'link': 'https://www.biquge.com.cn/book/30458/859737.html',
 'text': '第五十八章他在凝视深渊'},
              {'link': 'https://www.biquge.com.cn/book/30458/861310.html',
 'text': '第五十九章镇魔狱里走了一只鬼'},
              {'link': 'https://www.biquge.com.cn/book/30458/862962.html', 'text': '第六十章苍龙现世'},
              {'link': 'https://www.biquge.com.cn/book/30458/864544.html',
 'text': '第六十一章神龙见首不见尾'},
              {'link': 'https://www.biquge.com.cn/book/30458/866106.html', 'text': '第六十二章龙回头'},
              {'link': 'https://www.biquge.com.cn/book/30458/867669.html',
 'text': '第六十三章亿万个小冥皇'},
              {'link': 'https://www.biquge.com.cn/book/30458/869195.html',
 'text': '第六十四章七大派齐至朝歌城'},
              {'link': 'https://www.biquge.com.cn/book/30458/870661.html',
 'text': '第六十五章人间与冥皇的第二次谈判开始了'},
              {'link': 'https://www.biquge.com.cn/book/30458/872478.html',
 'text': '第六十六章壶中天地'},
              {'link': 'https://www.biquge.com.cn/book/30458/874146.html',
 'text': '第六十七章白沙在涅'},
              {'link': 'https://www.biquge.com.cn/book/30458/875822.html',
 'text': '第六十八章不甘心的刘阿大以及某些隐意'},
              {'link': 'https://www.biquge.com.cn/book/30458/877334.html',
 'text': '第六十九章四大强者锁冥皇'},
              {'link': 'https://www.biquge.com.cn/book/30458/878913.html',
 'text': '第七十章一曲冥河远'},
              {'link': 'https://www.biquge.com.cn/book/30458/880481.html',
 'text': '第七十一章早已准备被发现的草蛇灰线'},
              {'link': 'https://www.biquge.com.cn/book/30458/882023.html',
 'text': '第七十二章不打诳语的僧人们'},
              {'link': 'https://www.biquge.com.cn/book/30458/884299.html',
 'text': '第七十三章离开然后又回来的那个人'},
              {'link': 'https://www.biquge.com.cn/book/30458/885851.html',
 'text': '第七十四章新的开始'},
              {'link': 'https://www.biquge.com.cn/book/30458/887348.html',
 'text': '第七十五章一朵花落的时间'},
              {'link': 'https://www.biquge.com.cn/book/30458/888850.html',
 'text': '第七十六章家长里短'},
              {'link': 'https://www.biquge.com.cn/book/30458/890351.html',
 'text': '第七十七章过冬你到底是谁？'},
              {'link': 'https://www.biquge.com.cn/book/30458/892013.html',
 'text': '第七十八章改派立教'},
              {'link': 'https://www.biquge.com.cn/book/30458/893239.html',
 'text': '今明两天没有更新以及一个好消息'},
              {'link': 'https://www.biquge.com.cn/book/30458/896488.html',
 'text': '第七十九章冷山里的热血少年在看着你'},
              {'link': 'https://www.biquge.com.cn/book/30458/898065.html', 'text': '第八十章小明教主'},
              {'link': 'https://www.biquge.com.cn/book/30458/899696.html',
 'text': '第八十一章潮来又潮去'},
              {'link': 'https://www.biquge.com.cn/book/30458/901154.html',
 'text': '第八十二章让我们忘了那片海'},
              {'link': 'https://www.biquge.com.cn/book/30458/902607.html', 'text': '第八十三章行路难'},
              {'link': 'https://www.biquge.com.cn/book/30458/903992.html',
 'text': '第八十四章山居以观白骨及沧海'},
              {'link': 'https://www.biquge.com.cn/book/30458/905398.html',
 'text': '第八十五章风景都看透'},
              {'link': 'https://www.biquge.com.cn/book/30458/906811.html',
 'text': '第八十六章受不得闲愁'},
              {'link': 'https://www.biquge.com.cn/book/30458/908244.html',
 'text': '第八十七章对马弹琴李公子'},
              {'link': 'https://www.biquge.com.cn/book/30458/909648.html',
 'text': '第八十八章某人出关'},
              {'link': 'https://www.biquge.com.cn/book/30458/910982.html',
 'text': '第八十九章新湖，破庙，星空'},
              {'link': 'https://www.biquge.com.cn/book/30458/912376.html',
 'text': '第九十章尴尬而不失紧张的相见'},
              {'link': 'https://www.biquge.com.cn/book/30458/913784.html',
 'text': '第九十一章杠铃或银铃般的笑声'},
              {'link': 'https://www.biquge.com.cn/book/30458/915132.html',
 'text': '第九十二章天下三懒'},
              {'link': 'https://www.biquge.com.cn/book/30458/916481.html',
 'text': '第九十三章满天火花问你行不行'},
              {'link': 'https://www.biquge.com.cn/book/30458/917871.html',
 'text': '第九十四章我本游野中人'},
              {'link': 'https://www.biquge.com.cn/book/30458/919278.html',
 'text': '第九十五章问道于氓'},
              {'link': 'https://www.biquge.com.cn/book/30458/920627.html',
 'text': '第九十六章你的名字'},
              {'link': 'https://www.biquge.com.cn/book/30458/921997.html', 'text': '第九十七章问鼎'},
              {'link': 'https://www.biquge.com.cn/book/30458/923322.html',
 'text': '第九十八章两小儿辩日'},
              {'link': 'https://www.biquge.com.cn/book/30458/924621.html',
 'text': '第九十九章昏君生涯的开始'},
              {'link': 'https://www.biquge.com.cn/book/30458/925966.html',
 'text': '第一百章那些不能被忘记的人'},
              {'link': 'https://www.biquge.com.cn/book/30458/927039.html',
 'text': '第一百零一章那些不要再提起的事'},
              {'link': 'https://www.biquge.com.cn/book/30458/928618.html',
 'text': '第一百零二章一桩事先张扬的行刺案'},
              {'link': 'https://www.biquge.com.cn/book/30458/929950.html',
 'text': '第一百零三章一夜长如岁'},
              {'link': 'https://www.biquge.com.cn/book/30458/931276.html',
 'text': '第一百零四章杀不死便对你说一句话'},
              {'link': 'https://www.biquge.com.cn/book/30458/932638.html',
 'text': '第一百零五章朝朝暮暮柳十岁'},
              {'link': 'https://www.biquge.com.cn/book/30458/934128.html',
 'text': '第一百零六章风雪故人来'},
              {'link': 'https://www.biquge.com.cn/book/30458/944754.html',
 'text': '第一百零七章雪泥鸿爪各西东'},
              {'link': 'https://www.biquge.com.cn/book/30458/946017.html',
 'text': '第一百零八章就算天空再深看不出裂痕'},
              {'link': 'https://www.biquge.com.cn/book/30458/947256.html',
 'text': '第一百零九章害怕悲剧重演我的命中命中'},
              {'link': 'https://www.biquge.com.cn/book/30458/948486.html',
 'text': '第一百一十章不在天下，就在亭下'},
              {'link': 'https://www.biquge.com.cn/book/30458/949726.html',
 'text': '第一百一十一章越美丽的东西我越不可碰'},
              {'link': 'https://www.biquge.com.cn/book/30458/950909.html',
 'text': '第一百一十二章眉头仍骤满密云'},
              {'link': 'https://www.biquge.com.cn/book/30458/952112.html',
 'text': '第一百一十三章在遮阴的栗树下'},
              {'link': 'https://www.biquge.com.cn/book/30458/953424.html',
 'text': '第一百一十四章天下藏于吾身'},
              {'link': 'https://www.biquge.com.cn/book/30458/954640.html',
 'text': '第一百一十五章皇帝轮流死'},
              {'link': 'https://www.biquge.com.cn/book/30458/955840.html',
 'text': '第一百一十六章今年到张家'},
              {'link': 'https://www.biquge.com.cn/book/30458/957012.html',
 'text': '第一百一十七章一屋暗灯，照不穿我身（上）'},
              {'link': 'https://www.biquge.com.cn/book/30458/958260.html',
 'text': '第一百一十八章皇袍加身'},
              {'link': 'https://www.biquge.com.cn/book/30458/959430.html',
 'text': '第一百一十九章待到秋来百花杀'},
              {'link': 'https://www.biquge.com.cn/book/30458/960630.html',
 'text': '第一百二十章此事无关真假'},
              {'link': 'https://www.biquge.com.cn/book/30458/961890.html',
 'text': '第一百二十一章聪明不在当下'},
              {'link': 'https://www.biquge.com.cn/book/30458/963171.html',
 'text': '第一百二十二章风波恶'},
              {'link': 'https://www.biquge.com.cn/book/30458/964366.html',
 'text': '第一百二十三章行路难'},
              {'link': 'https://www.biquge.com.cn/book/30458/965638.html',
 'text': '第一百二十四章刺秦'},
              {'link': 'https://www.biquge.com.cn/book/30458/966857.html',
 'text': '第一百二十五章议赵'},
              {'link': 'https://www.biquge.com.cn/book/30458/968003.html',
 'text': '第一百二十六章弑君'},
              {'link': 'https://www.biquge.com.cn/book/30458/969134.html',
 'text': '第一百二十七章问死'},
              {'link': 'https://www.biquge.com.cn/book/30458/970292.html',
 'text': '第一百二十八章惊梦'},
              {'link': 'https://www.biquge.com.cn/book/30458/971479.html',
 'text': '第一百二十九章出题'},
              {'link': 'https://www.biquge.com.cn/book/30458/972666.html', 'text': '第一百三十章烧云'},
              {'link': 'https://www.biquge.com.cn/book/30458/973904.html',
 'text': '第一百三十一章睁眼'},
              {'link': 'https://www.biquge.com.cn/book/30458/975056.html',
 'text': '第一百三十二章最后的问道者'},
              {'link': 'https://www.biquge.com.cn/book/30458/976177.html',
 'text': '第一百三十三章神使现身'},
              {'link': 'https://www.biquge.com.cn/book/30458/977269.html',
 'text': '第一百三十四章要与天公试比高'},
              {'link': 'https://www.biquge.com.cn/book/30458/978435.html',
 'text': '第一百三十五章夺鼎'},
              {'link': 'https://www.biquge.com.cn/book/30458/979558.html',
 'text': '第一百三十六章摘桃'},
              {'link': 'https://www.biquge.com.cn/book/30458/980662.html',
 'text': '第一百三十七章意难忘'},
              {'link': 'https://www.biquge.com.cn/book/30458/981802.html',
 'text': '第一百三十八章是，师叔'},
              {'link': 'https://www.biquge.com.cn/book/30458/982646.html',
 'text': '胃不舒服，休息一天'},
              {'link': 'https://www.biquge.com.cn/book/30458/983963.html',
 'text': '第一百三十九章掌门你来做？'},
              {'link': 'https://www.biquge.com.cn/book/30458/985064.html',
 'text': '第一百四十章阵阵阴风乱我心'},
              {'link': 'https://www.biquge.com.cn/book/30458/986152.html',
 'text': '第一百四十一章晚来天欲酒'},
              {'link': 'https://www.biquge.com.cn/book/30458/987357.html',
 'text': '第一百四十二章二十三年的小池塘'},
              {'link': 'https://www.biquge.com.cn/book/30458/988458.html',
 'text': '第一百四十三章知之为不知'},
              {'link': 'https://www.biquge.com.cn/book/30458/989513.html',
 'text': '第一百四十四章此庙此园可静心'},
              {'link': 'https://www.biquge.com.cn/book/30458/990609.html',
 'text': '第一百四十五章果成寺的生活'},
              {'link': 'https://www.biquge.com.cn/book/30458/991926.html',
 'text': '第一百四十六章风中传来谁的声音'},
              {'link': 'https://www.biquge.com.cn/book/30458/992975.html',
 'text': '第一百四十七新年快乐'},
              {'link': 'https://www.biquge.com.cn/book/30458/994102.html',
 'text': '第一百四十八章写了五年的字'},
              {'link': 'https://www.biquge.com.cn/book/30458/995166.html',
 'text': '第一百四十九章在腊排骨、经声、帷帽里寻找答案'},
              {'link': 'https://www.biquge.com.cn/book/30458/996221.html',
 'text': '第一百五十章说说当年镇魔狱的事'},
              {'link': 'https://www.biquge.com.cn/book/30458/997301.html',
 'text': '第一百五十一章三剑之约'},
              {'link': 'https://www.biquge.com.cn/book/30458/998020.html',
 'text': '今天晚上到家，休息一天。'},
              {'link': 'https://www.biquge.com.cn/book/30458/999403.html',
 'text': '第一百五十二章眼空宇宙一剑锋'},
              {'link': 'https://www.biquge.com.cn/book/30458/1000411.html',
 'text': '第一百五十三章铁剑依然在'},
              {'link': 'https://www.biquge.com.cn/book/30458/1001475.html',
 'text': '第一百五十四章飞天的麒麟，丑和尚'},
              {'link': 'https://www.biquge.com.cn/book/30458/1002521.html',
 'text': '第一百五十五章如岁的视线，青山剑'},
              {'link': 'https://www.biquge.com.cn/book/30458/1003596.html',
 'text': '第一百五十六章祖孙相逢应不识，怎知火锅入人心'},
              {'link': 'https://www.biquge.com.cn/book/30458/1004630.html',
 'text': '第一百五十七章短发形态的赵腊月'},
              {'link': 'https://www.biquge.com.cn/book/30458/1005714.html',
 'text': '第一百五十八章剑光鸟影贺新年'},
              {'link': 'https://www.biquge.com.cn/book/30458/1006825.html',
 'text': '第一百五十九章第二个遁剑者'},
              {'link': 'https://www.biquge.com.cn/book/30458/1007802.html',
 'text': '第一百六十章当年的真相'},
              {'link': 'https://www.biquge.com.cn/book/30458/1008842.html',
 'text': '第一百六十一章赵柳对谈'},
              {'link': 'https://www.biquge.com.cn/book/30458/1009878.html',
 'text': '第一百六十二章青鸟有信，井外有天'},
              {'link': 'https://www.biquge.com.cn/book/30458/1010876.html',
 'text': '第一百六十三章井九醒来，水月庵便有了春天'},
              {'link': 'https://www.biquge.com.cn/book/30458/1011895.html',
 'text': '第一百六十四章好多的尘缘'},
              {'link': 'https://www.biquge.com.cn/book/30458/1012937.html',
 'text': '第一章剑峰生于天地间'},
              {'link': 'https://www.biquge.com.cn/book/30458/1013923.html', 'text': '第二章老狗'},
              {'link': 'https://www.biquge.com.cn/book/30458/1014941.html',
 'text': '第三章不管黑狗还是白狗，只要够狠就是好狗'},
              {'link': 'https://www.biquge.com.cn/book/30458/1015747.html',
 'text': '今明两天没有更新'},
              {'link': 'https://www.biquge.com.cn/book/30458/1017683.html',
 'text': '今天更新在深夜，八点前没时间写，不用等'},
              {'link': 'https://www.biquge.com.cn/book/30458/1017850.html',
 'text': '第四章一眼无辜神末峰'},
              {'link': 'https://www.biquge.com.cn/book/30458/1019006.html', 'text': '第五章磨剑'},
              {'link': 'https://www.biquge.com.cn/book/30458/1020215.html',
 'text': '第六章不管陈茶还是骨茶，都是好茶'},
              {'link': 'https://www.biquge.com.cn/book/30458/1021028.html', 'text': '今天没有更新'},
              {'link': 'https://www.biquge.com.cn/book/30458/1021731.html', 'text': '第七章分茶'},
              {'link': 'https://www.biquge.com.cn/book/30458/1022961.html',
 'text': '第八章地底有朵燃烧的荷花'},
              {'link': 'https://www.biquge.com.cn/book/30458/1024057.html',
 'text': '第九章天上有只看景的寒蝉'},
              {'link': 'https://www.biquge.com.cn/book/30458/1024680.html',
 'text': '今日无更及几句汇报'},
              {'link': 'https://www.biquge.com.cn/book/30458/1026251.html',
 'text': '第十章一昼夜太短，只争万古'},
              {'link': 'https://www.biquge.com.cn/book/30458/1027196.html',
 'text': '第十一章顺流逆流'},
              {'link': 'https://www.biquge.com.cn/book/30458/1028286.html',
 'text': '第十二章神末峰的小东西们'},
              {'link': 'https://www.biquge.com.cn/book/30458/1029185.html',
 'text': '第十三章走出雪原'},
              {'link': 'https://www.biquge.com.cn/book/30458/1029851.html',
 'text': '第十四章最深的白'},
              {'link': 'https://www.biquge.com.cn/book/30458/1031179.html',
 'text': '第十五章火鲤大王'},
              {'link': 'https://www.biquge.com.cn/book/30458/1032082.html',
 'text': '第十六章轻轻挥一挥右手，不带走一粒尘埃'},
              {'link': 'https://www.biquge.com.cn/book/30458/1033137.html',
 'text': '第十七章井九的觉悟'},
              {'link': 'https://www.biquge.com.cn/book/30458/1033957.html',
 'text': '第十八章童颜的眼光'},
              {'link': 'https://www.biquge.com.cn/book/30458/1035042.html',
 'text': '第十九章小明的脚步声'},
              {'link': 'https://www.biquge.com.cn/book/30458/1036022.html',
 'text': '第二十章不会打架的天阶法宝，执着的丑小鸭'},
              {'link': 'https://www.biquge.com.cn/book/30458/1037087.html',
 'text': '第二十一章天地皆火，上下皆鉴……或剑'},
              {'link': 'https://www.biquge.com.cn/book/30458/1037861.html',
 'text': '新年快乐，今天没更新，大家别忘记噢~'},
              {'link': 'https://www.biquge.com.cn/book/30458/1039038.html',
 'text': '第二十二章寒沙四面平，飞雪千里惊'},
              {'link': 'https://www.biquge.com.cn/book/30458/1039972.html',
 'text': '第二十三章雪姬现世'},
              {'link': 'https://www.biquge.com.cn/book/30458/1040910.html',
 'text': '第二十四章说走就走'},
              {'link': 'https://www.biquge.com.cn/book/30458/1041893.html',
 'text': '第二十五章风雪里的嘤嘤怪'},
              {'link': 'https://www.biquge.com.cn/book/30458/1042799.html',
 'text': '第二十六章再至三千院'},
              {'link': 'https://www.biquge.com.cn/book/30458/1043676.html',
 'text': '第二十七章忽然过冬'},
              {'link': 'https://www.biquge.com.cn/book/30458/1044602.html',
 'text': '第二十八章大道如青天'},
              {'link': 'https://www.biquge.com.cn/book/30458/1046362.html',
 'text': '第二十九章雪姬醒了'},
              {'link': 'https://www.biquge.com.cn/book/30458/1047240.html',
 'text': '第三十章如果不能天上见，何以误了这多年'},
              {'link': 'https://www.biquge.com.cn/book/30458/1048160.html',
 'text': '第三十一章雪姬入青山'},
              {'link': 'https://www.biquge.com.cn/book/30458/1049005.html',
 'text': '第三十二章细细的红线'},
              {'link': 'https://www.biquge.com.cn/book/30458/1049942.html',
 'text': '第三十三章现在以及未来的青山巨头们'},
              {'link': 'https://www.biquge.com.cn/book/30458/1050828.html',
 'text': '第三十四章庸人三问'},
              {'link': 'https://www.biquge.com.cn/book/30458/1051689.html',
 'text': '第三十五章人类一直不是一类人'},
              {'link': 'https://www.biquge.com.cn/book/30458/1052557.html',
 'text': '第三十六章一茅斋的秘密'},
              {'link': 'https://www.biquge.com.cn/book/30458/1053435.html',
 'text': '第三十七章故事的本质就是瞎编以及重复'},
              {'link': 'https://www.biquge.com.cn/book/30458/1054312.html',
 'text': '第三十八章抢亲？'},
              {'link': 'https://www.biquge.com.cn/book/30458/1055129.html',
 'text': '第三十九章杨柳岸无题'},
              {'link': 'https://www.biquge.com.cn/book/30458/1056035.html',
 'text': '第四十章我与斋主两心通'},
              {'link': 'https://www.biquge.com.cn/book/30458/1056860.html',
 'text': '第四十一章圣人无名'},
              {'link': 'https://www.biquge.com.cn/book/30458/1058118.html',
 'text': '第四十二章世间无我这般人'},
              {'link': 'https://www.biquge.com.cn/book/30458/1058921.html',
 'text': '第四十三章南方飘来一朵云'},
              {'link': 'https://www.biquge.com.cn/book/30458/1059723.html',
 'text': '第四十四章海边送来了一封信'},
              {'link': 'https://www.biquge.com.cn/book/30458/1060531.html',
 'text': '第四十五章我见青山多妩媚'},
              {'link': 'https://www.biquge.com.cn/book/30458/1061378.html',
 'text': '第四十六章欲窥人心问太平'},
              {'link': 'https://www.biquge.com.cn/book/30458/1062164.html',
 'text': '第四十七章这样做不好，不要做好人'},
              {'link': 'https://www.biquge.com.cn/book/30458/1062977.html',
 'text': '第四十八章准备出剑'},
              {'link': 'https://www.biquge.com.cn/book/30458/1063761.html',
 'text': '第四十九章噫，南忘！'},
              {'link': 'https://www.biquge.com.cn/book/30458/1064570.html',
 'text': '第五十章山神庙与红灯笼'},
              {'link': 'https://www.biquge.com.cn/book/30458/1065293.html',
 'text': '第五十一章最擅长挖洞的人'},
              {'link': 'https://www.biquge.com.cn/book/30458/1065999.html',
 'text': '第五十二章什么我都有预感'},
              {'link': 'https://www.biquge.com.cn/book/30458/1066711.html',
 'text': '第五十三章剑舟出青山'},
              {'link': 'https://www.biquge.com.cn/book/30458/1077173.html',
 'text': '第五十四章一人出而天下惊'},
              {'link': 'https://www.biquge.com.cn/book/30458/1077863.html',
 'text': '第五十五章青山好强'},
              {'link': 'https://www.biquge.com.cn/book/30458/1078553.html',
 'text': '第五十六章山中贼都是青山贼'},
              {'link': 'https://www.biquge.com.cn/book/30458/1079823.html',
 'text': '第五十七章举世之敌'},
              {'link': 'https://www.biquge.com.cn/book/30458/1080780.html',
 'text': '第五十八章似曾相识剑归来'},
              {'link': 'https://www.biquge.com.cn/book/30458/1081514.html',
 'text': '第五十九章两把剑的相遇'},
              {'link': 'https://www.biquge.com.cn/book/30458/1082200.html',
 'text': '第六十章我杀这边，你杀那边'},
              {'link': 'https://www.biquge.com.cn/book/30458/1082875.html',
 'text': '第六十一章柳词请剑'},
              {'link': 'https://www.biquge.com.cn/book/30458/1083643.html',
 'text': '第六十二章我是一道剑光'},
              {'link': 'https://www.biquge.com.cn/book/30458/1084466.html',
 'text': '第六十三章天空又再涌起密云'},
              {'link': 'https://www.biquge.com.cn/book/30458/1085180.html',
 'text': '第六十四章青山宗的仙与鬼'},
              {'link': 'https://www.biquge.com.cn/book/30458/1085827.html',
 'text': '第六十五章中州派的故事'},
              {'link': 'https://www.biquge.com.cn/book/30458/1086500.html',
 'text': '第六十六章莫道万物不值得'},
              {'link': 'https://www.biquge.com.cn/book/30458/1087189.html',
 'text': '第六十七章只问平生行何事'},
              {'link': 'https://www.biquge.com.cn/book/30458/1087884.html',
 'text': '第六十八章老夫聊发少年狂'},
              {'link': 'https://www.biquge.com.cn/book/30458/1088581.html',
 'text': '第六十九章谈笑间'},
              {'link': 'https://www.biquge.com.cn/book/30458/1089263.html', 'text': '第七十章云游'},
              {'link': 'https://www.biquge.com.cn/book/30458/1089918.html',
 'text': '第七十一章剑外之意'},
              {'link': 'https://www.biquge.com.cn/book/30458/1090901.html',
 'text': '第七十二章匣中之剑'},
              {'link': 'https://www.biquge.com.cn/book/30458/1091542.html', 'text': '第七十三章破海'},
              {'link': 'https://www.biquge.com.cn/book/30458/1092201.html',
 'text': '第七十四章谁当掌门比较好？'},
              {'link': 'https://www.biquge.com.cn/book/30458/1092844.html',
 'text': '第七十五章清心一问'},
              {'link': 'https://www.biquge.com.cn/book/30458/1093509.html',
 'text': '第七十六章井九做事'},
              {'link': 'https://www.biquge.com.cn/book/30458/1094185.html',
 'text': '第七十七章陈宗主与她的女儿'},
              {'link': 'https://www.biquge.com.cn/book/30458/1094841.html',
 'text': '第七十八章一声叹息杀一人'},
              {'link': 'https://www.biquge.com.cn/book/30458/1095460.html',
 'text': '第七十九章你到底是谁？我们呢？'},
              {'link': 'https://www.biquge.com.cn/book/30458/1096373.html',
 'text': '第八十章花要落地，娘要嫁人'},
              {'link': 'https://www.biquge.com.cn/book/30458/1097050.html', 'text': '第八十一章羽化'},
              {'link': 'https://www.biquge.com.cn/book/30458/1097694.html',
 'text': '第八十二章皇宫秘事'},
              {'link': 'https://www.biquge.com.cn/book/30458/1098339.html',
 'text': '第八十三章润万物而无声'},
              {'link': 'https://www.biquge.com.cn/book/30458/1099002.html',
 'text': '第八十四章风过青山来就来'},
              {'link': 'https://www.biquge.com.cn/book/30458/1099647.html',
 'text': '第一章说井九，为什么是井九？'},
              {'link': 'https://www.biquge.com.cn/book/30458/1100300.html',
 'text': '第二章说反对，谁有资格反对'},
              {'link': 'https://www.biquge.com.cn/book/30458/1100955.html',
 'text': '第三章说不服，还真有谁不服'},
              {'link': 'https://www.biquge.com.cn/book/30458/1101597.html',
 'text': '第四章白衣少年应犹在，只是竹椅改'},
              {'link': 'https://www.biquge.com.cn/book/30458/1102224.html',
 'text': '第五章青山的未来'},
              {'link': 'https://www.biquge.com.cn/book/30458/1102854.html',
 'text': '第六章春雨的过去'},
              {'link': 'https://www.biquge.com.cn/book/30458/1103505.html',
 'text': '第七章不是当掌门的料'},
              {'link': 'https://www.biquge.com.cn/book/30458/1104174.html',
 'text': '第八章垂帘偶尔听政'},
              {'link': 'https://www.biquge.com.cn/book/30458/1104806.html',
 'text': '第九章新人旧事两相忘'},
              {'link': 'https://www.biquge.com.cn/book/30458/1105443.html',
 'text': '第十章青山三百日，世事总无常'},
              {'link': 'https://www.biquge.com.cn/book/30458/1106112.html',
 'text': '第十一章火锅与剑，消散的云烟'},
              {'link': 'https://www.biquge.com.cn/book/30458/1106750.html',
 'text': '第十二章铁树开花镜照人'},
              {'link': 'https://www.biquge.com.cn/book/30458/1107385.html',
 'text': '第十三章小荷又露尖尖角'},
              {'link': 'https://www.biquge.com.cn/book/30458/1108028.html',
 'text': '第十四章你走这边，我走那边'},
              {'link': 'https://www.biquge.com.cn/book/30458/1108647.html',
 'text': '第十五章再灭你满门一遍'},
              {'link': 'https://www.biquge.com.cn/book/30458/1109261.html',
 'text': '第十六章到地狱也不放过你'},
              {'link': 'https://www.biquge.com.cn/book/30458/1109889.html',
 'text': '第十七章桃花沧海两心通'},
              {'link': 'https://www.biquge.com.cn/book/30458/1110494.html',
 'text': '第十八章回到各自的位置'},
              {'link': 'https://www.biquge.com.cn/book/30458/1111092.html',
 'text': '第十九章吾辈中人'},
              {'link': 'https://www.biquge.com.cn/book/30458/1111726.html',
 'text': '第二十章青山从来不二'},
              {'link': 'https://www.biquge.com.cn/book/30458/1112404.html', 'text': '第二十一章吞舟'},
              {'link': 'https://www.biquge.com.cn/book/30458/1113034.html', 'text': '第二十二章叶子'},
              {'link': 'https://www.biquge.com.cn/book/30458/1113616.html',
 'text': '第二十三章青山来人'},
              {'link': 'https://www.biquge.com.cn/book/30458/1114195.html',
 'text': '第二十四章大人物'},
              {'link': 'https://www.biquge.com.cn/book/30458/1114682.html', 'text': '今天没有更新'},
              {'link': 'https://www.biquge.com.cn/book/30458/1115421.html',
 'text': '第二十五章弱者不得已而为之？'},
              {'link': 'https://www.biquge.com.cn/book/30458/1116066.html',
 'text': '第二十六章冷山上空的鹰'},
              {'link': 'https://www.biquge.com.cn/book/30458/1116671.html',
 'text': '第二十七章青山起微澜'},
              {'link': 'https://www.biquge.com.cn/book/30458/1117249.html',
 'text': '第二十八章真如一人'},
              {'link': 'https://www.biquge.com.cn/book/30458/1117834.html',
 'text': '第二十九章各种光，各种水面'},
              {'link': 'https://www.biquge.com.cn/book/30458/1118416.html',
 'text': '第三十章我们一起修行吧'},
              {'link': 'https://www.biquge.com.cn/book/30458/1119025.html',
 'text': '第三十一章八面来风，雷也来'},
              {'link': 'https://www.biquge.com.cn/book/30458/1119603.html',
 'text': '第三十二章平谷寺毁灭以及鹅'},
              {'link': 'https://www.biquge.com.cn/book/30458/1120427.html',
 'text': '第三十三章因果是一条通往雪海深处的直线'},
              {'link': 'https://www.biquge.com.cn/book/30458/1121003.html',
 'text': '第三十四章人生若只如初见'},
              {'link': 'https://www.biquge.com.cn/book/30458/1121592.html',
 'text': '第三十五章羽化谁忍看，冰山谁来搬？'},
              {'link': 'https://www.biquge.com.cn/book/30458/1122152.html',
 'text': '第三十六章该孤寂的，在哪里都孤寂'},
              {'link': 'https://www.biquge.com.cn/book/30458/1122746.html',
 'text': '第三十七章像我这样的人'},
              {'link': 'https://www.biquge.com.cn/book/30458/1123379.html', 'text': '第三十八章寻剑'},
              {'link': 'https://www.biquge.com.cn/book/30458/1123999.html',
 'text': '第三十九章太平时节，不落闲棋'},
              {'link': 'https://www.biquge.com.cn/book/30458/1124562.html',
 'text': '第四十章剑鸣花开、小曲通天'}],
 'description': '我就是剑。\u3000\u3000千里杀一人，十步不愿行。\u3000\u3000'
                '千里杀一人，十步不得行。\u3000\u3000千里杀一人，十步？不行！\u3000\u3000'
                '我就是剑，剑就是我。\u3000\u3000大道朝天，各执一剑。\u3000\u3000'
                '（欢迎加入猫腻大道朝天官方群，群号码：311875513）\r\n'
                '\t\t\t\t各位书友要是觉得《大道朝天》还不错的话请不要忘记向您QQ群和微博里的朋友推荐哦！',
 'image_url': 'https://www.biquge.com.cn/files/article/image/30/30458/30458s.jpg',
 'latest_chapter_url': 'https://www.biquge.com.cn/book/30458/1124562.html',
 'latest_chapters': '第四十章剑鸣花开、小曲通天',
 'name': '大道朝天',
 'status': '连载中',
 'update_time': '2019-05-01 20:07:01'}
2019-05-01 21:38:58 [scrapy] INFO: Closing spider (finished)
2019-05-01 21:38:58 [scrapy] INFO: Dumping Scrapy stats:
{'downloader/request_bytes': 453,
 'downloader/request_count': 2,
 'downloader/request_method_count/GET': 2,
 'downloader/response_bytes': 17344,
 'downloader/response_count': 2,
 'downloader/response_status_count/200': 1,
 'downloader/response_status_count/404': 1,
 'finish_reason': 'finished',
 'finish_time': datetime.datetime(2019, 5, 1, 13, 38, 58, 497376),
 'item_scraped_count': 1,
 'log_count/DEBUG': 3,
 'log_count/INFO': 6,
 'response_received_count': 2,
 'robotstxt/request_count': 1,
 'robotstxt/response_count': 1,
 'robotstxt/response_status_count/404': 1,
 'scheduler/dequeued': 1,
 'scheduler/dequeued/memory': 1,
 'scheduler/enqueued': 1,
 'scheduler/enqueued/memory': 1,
 'start_time': datetime.datetime(2019, 5, 1, 13, 38, 55, 450479)}
2019-05-01 21:38:58 [scrapy] INFO: Spider closed (finished)
